2026-01-29 10:47:14,184 - INFO - Sample images will be saved to: sample_images_20260129_104714
2026-01-29 10:47:14,184 - INFO - ======================================================================
2026-01-29 10:47:14,184 - INFO - MAISHA CARD VERIFICATION TEST - WITH CORRECTED MAPPING
2026-01-29 10:47:14,184 - INFO - ======================================================================
2026-01-29 10:47:14,184 - INFO - API Endpoint: https://18.235.35.175
2026-01-29 10:47:14,184 - INFO - Batch Size: 5
2026-01-29 10:47:14,185 - INFO - Limit: 20
2026-01-29 10:47:14,185 - INFO - FIX: Swapping AWS_IMAGE→face and ID_PHOTO→card
2026-01-29 10:47:14,185 - INFO - Save Images: Yes (first 5 records)
2026-01-29 10:47:14,185 - INFO - ======================================================================

2026-01-29 10:47:14,185 - INFO - Connecting to Oracle database...
2026-01-29 10:47:14,563 - INFO - Fetching records (limit: 20)...
2026-01-29 10:47:15,939 - INFO - 
  Record 1: Session 04352e84-9755-4b... KYC: 32538063
2026-01-29 10:47:15,940 - INFO -   NOTE: AWS_IMAGE → face, ID_PHOTO → card (SWAPPED!)
2026-01-29 10:47:15,940 - INFO -     ✓ 01_AWS_IMAGE_(face)_04352e84.jpg (26.6KB)
2026-01-29 10:47:15,942 - INFO -     ✓ 01_ID_PHOTO_(card)_04352e84.jpg (221.1KB)
2026-01-29 10:47:16,008 - INFO - 
  Record 2: Session 2a59a247-199b-47... KYC: 22627103
2026-01-29 10:47:16,008 - INFO -   NOTE: AWS_IMAGE → face, ID_PHOTO → card (SWAPPED!)
2026-01-29 10:47:16,009 - INFO -     ✓ 02_AWS_IMAGE_(face)_2a59a247.jpg (23.0KB)
2026-01-29 10:47:16,009 - INFO -     ✓ 02_ID_PHOTO_(card)_2a59a247.jpg (9.1KB)
2026-01-29 10:47:16,226 - INFO - 
  Record 3: Session 2eb0cba4-a618-49... KYC: 328755962
2026-01-29 10:47:16,226 - INFO -   NOTE: AWS_IMAGE → face, ID_PHOTO → card (SWAPPED!)
2026-01-29 10:47:16,227 - INFO -     ✓ 03_AWS_IMAGE_(face)_2eb0cba4.jpg (31.1KB)
2026-01-29 10:47:16,227 - INFO -     ✓ 03_ID_PHOTO_(card)_2eb0cba4.jpg (95.0KB)
2026-01-29 10:47:16,526 - INFO - 
  Record 4: Session 35eb8f52-1b51-4b... KYC: 328755962
2026-01-29 10:47:16,526 - INFO -   NOTE: AWS_IMAGE → face, ID_PHOTO → card (SWAPPED!)
2026-01-29 10:47:16,526 - INFO -     ✓ 04_AWS_IMAGE_(face)_35eb8f52.jpg (28.3KB)
2026-01-29 10:47:16,527 - INFO -     ✓ 04_ID_PHOTO_(card)_35eb8f52.jpg (123.6KB)
2026-01-29 10:47:16,616 - INFO - 
  Record 5: Session 56e87218-103b-4f... KYC: 22627103
2026-01-29 10:47:16,616 - INFO -   NOTE: AWS_IMAGE → face, ID_PHOTO → card (SWAPPED!)
2026-01-29 10:47:16,617 - INFO -     ✓ 05_AWS_IMAGE_(face)_56e87218.jpg (24.3KB)
2026-01-29 10:47:16,617 - INFO -     ✓ 05_ID_PHOTO_(card)_56e87218.jpg (9.1KB)
2026-01-29 10:47:19,625 - INFO - 
✓ Fetched 12 unique card-face pairs
2026-01-29 10:47:19,626 - INFO - ⚠️  SWAPPED: AWS_IMAGE→face, ID_PHOTO→card

2026-01-29 10:47:19,638 - INFO - 
======================================================================
2026-01-29 10:47:19,639 - INFO - BATCH 1/3 (5 records)
2026-01-29 10:47:19,639 - INFO - ======================================================================
2026-01-29 10:47:20,398 - INFO - ✓ Authentication successful
2026-01-29 10:47:20,409 - INFO - Sending batch 1: 5 records, 0.77MB
2026-01-29 10:48:10,462 - INFO - ✓ Batch 1 completed
2026-01-29 10:48:10,464 - INFO -   1. ✗ NOT VERIFIED (conf: 0.00) [DF:✗ AWS:✗]
2026-01-29 10:48:10,464 - INFO -   2. ✗ NOT VERIFIED (conf: 0.00) [DF:✗ AWS:✗]
2026-01-29 10:48:10,464 - INFO -   3. ✗ NOT VERIFIED (conf: 0.00) [DF:✗ AWS:✗]
2026-01-29 10:48:10,464 - INFO -   4. ✗ NOT VERIFIED (conf: 0.00) [DF:✗ AWS:✗]
2026-01-29 10:48:10,464 - INFO -   5. ✗ NOT VERIFIED (conf: 0.00) [DF:✗ AWS:✗]
2026-01-29 10:48:10,465 - INFO - ✓ Batch 1 completed

2026-01-29 10:48:10,465 - INFO - 
======================================================================
2026-01-29 10:48:10,465 - INFO - BATCH 2/3 (5 records)
2026-01-29 10:48:10,465 - INFO - ======================================================================
2026-01-29 10:48:10,473 - INFO - Sending batch 2: 5 records, 1.31MB
2026-01-29 10:48:56,047 - INFO - ✓ Batch 2 completed
2026-01-29 10:48:56,053 - INFO -   6. ✗ NOT VERIFIED (conf: 0.00) [DF:✗ AWS:✗]
2026-01-29 10:48:56,053 - INFO -   7. ✗ NOT VERIFIED (conf: 0.00) [DF:✗ AWS:✗]
2026-01-29 10:48:56,053 - INFO -   8. ✗ NOT VERIFIED (conf: 0.00) [DF:✗ AWS:✗]
2026-01-29 10:48:56,053 - INFO -   9. ✗ NOT VERIFIED (conf: 0.00) [DF:✗ AWS:✗]
2026-01-29 10:48:56,053 - INFO -   10. ✗ NOT VERIFIED (conf: 0.00) [DF:✗ AWS:✗]
2026-01-29 10:48:56,053 - INFO - ✓ Batch 2 completed

2026-01-29 10:48:56,053 - INFO - 
======================================================================
2026-01-29 10:48:56,053 - INFO - BATCH 3/3 (2 records)
2026-01-29 10:48:56,053 - INFO - ======================================================================
2026-01-29 10:48:56,057 - INFO - Sending batch 3: 2 records, 0.59MB
2026-01-29 10:49:17,830 - INFO - ✓ Batch 3 completed
2026-01-29 10:49:17,837 - INFO -   11. ✗ NOT VERIFIED (conf: 0.00) [DF:✗ AWS:✗]
2026-01-29 10:49:17,837 - INFO -   12. ✗ NOT VERIFIED (conf: 0.00) [DF:✗ AWS:✗]
2026-01-29 10:49:17,837 - INFO - ✓ Batch 3 completed

2026-01-29 10:49:17,837 - INFO - ======================================================================
2026-01-29 10:49:17,838 - INFO - TEST COMPLETED: 12/12 records
2026-01-29 10:49:17,838 - INFO - ======================================================================

2026-01-29 10:49:17,840 - INFO - ✓ CSV exported: maisha_results_20260129_104917.csv
